{"/Users/erz/test/preceptor-core/index.js":{"path":"/Users/erz/test/preceptor-core/index.js","s":{"1":1,"2":1,"3":1},"b":{},"f":{},"fnMap":{},"statementMap":{"1":{"start":{"line":4,"column":0},"end":{"line":4,"column":33}},"2":{"start":{"line":5,"column":0},"end":{"line":5,"column":35}},"3":{"start":{"line":7,"column":0},"end":{"line":17,"column":2}}},"branchMap":{}},"/Users/erz/test/preceptor-core/lib/base.js":{"path":"/Users/erz/test/preceptor-core/lib/base.js","s":{"1":1,"2":1,"3":1,"4":1,"5":1,"6":9,"7":1,"8":1,"9":1,"10":1,"11":3,"12":1,"13":1,"14":1,"15":5,"16":5,"17":1,"18":1,"19":1,"20":5,"21":1,"22":1,"23":5,"24":5,"25":5,"26":5,"27":5,"28":5,"29":5,"30":5,"31":5,"32":5,"33":1,"34":3,"35":1},"b":{"1":[1,4],"2":[1,4]},"f":{"1":9,"2":3,"3":5,"4":1,"5":5,"6":3},"fnMap":{"1":{"name":"Base","line":17,"loc":{"start":{"line":17,"column":0},"end":{"line":17,"column":17}}},"2":{"name":"(anonymous_2)","line":43,"loc":{"start":{"line":43,"column":26},"end":{"line":43,"column":38}}},"3":{"name":"(anonymous_3)","line":68,"loc":{"start":{"line":68,"column":14},"end":{"line":68,"column":78}}},"4":{"name":"(anonymous_4)","line":81,"loc":{"start":{"line":81,"column":18},"end":{"line":81,"column":30}}},"5":{"name":"(anonymous_5)","line":94,"loc":{"start":{"line":94,"column":5},"end":{"line":94,"column":17}}},"6":{"name":"(anonymous_6)","line":115,"loc":{"start":{"line":115,"column":16},"end":{"line":115,"column":28}}}},"statementMap":{"1":{"start":{"line":4,"column":0},"end":{"line":4,"column":30}},"2":{"start":{"line":5,"column":0},"end":{"line":5,"column":31}},"3":{"start":{"line":6,"column":0},"end":{"line":6,"column":50}},"4":{"start":{"line":8,"column":0},"end":{"line":8,"column":31}},"5":{"start":{"line":17,"column":0},"end":{"line":19,"column":1}},"6":{"start":{"line":18,"column":1},"end":{"line":18,"column":41}},"7":{"start":{"line":20,"column":0},"end":{"line":20,"column":38}},"8":{"start":{"line":27,"column":0},"end":{"line":27,"column":30}},"9":{"start":{"line":35,"column":0},"end":{"line":35,"column":32}},"10":{"start":{"line":43,"column":0},"end":{"line":45,"column":2}},"11":{"start":{"line":44,"column":4},"end":{"line":44,"column":93}},"12":{"start":{"line":47,"column":0},"end":{"line":47,"column":34}},"13":{"start":{"line":56,"column":0},"end":{"line":56,"column":19}},"14":{"start":{"line":68,"column":0},"end":{"line":106,"column":2}},"15":{"start":{"line":70,"column":1},"end":{"line":72,"column":10}},"16":{"start":{"line":74,"column":1},"end":{"line":78,"column":2}},"17":{"start":{"line":75,"column":2},"end":{"line":75,"column":41}},"18":{"start":{"line":76,"column":2},"end":{"line":76,"column":38}},"19":{"start":{"line":77,"column":2},"end":{"line":77,"column":28}},"20":{"start":{"line":80,"column":1},"end":{"line":84,"column":2}},"21":{"start":{"line":81,"column":2},"end":{"line":83,"column":4}},"22":{"start":{"line":82,"column":3},"end":{"line":82,"column":46}},"23":{"start":{"line":86,"column":1},"end":{"line":86,"column":51}},"24":{"start":{"line":89,"column":1},"end":{"line":89,"column":36}},"25":{"start":{"line":92,"column":1},"end":{"line":92,"column":66}},"26":{"start":{"line":94,"column":1},"end":{"line":96,"column":3}},"27":{"start":{"line":95,"column":2},"end":{"line":95,"column":27}},"28":{"start":{"line":97,"column":1},"end":{"line":97,"column":32}},"29":{"start":{"line":98,"column":1},"end":{"line":98,"column":27}},"30":{"start":{"line":101,"column":1},"end":{"line":101,"column":79}},"31":{"start":{"line":103,"column":1},"end":{"line":103,"column":35}},"32":{"start":{"line":105,"column":1},"end":{"line":105,"column":14}},"33":{"start":{"line":115,"column":0},"end":{"line":117,"column":2}},"34":{"start":{"line":116,"column":4},"end":{"line":116,"column":33}},"35":{"start":{"line":119,"column":0},"end":{"line":119,"column":22}}},"branchMap":{"1":{"line":74,"type":"if","locations":[{"start":{"line":74,"column":1},"end":{"line":74,"column":1}},{"start":{"line":74,"column":1},"end":{"line":74,"column":1}}]},"2":{"line":80,"type":"if","locations":[{"start":{"line":80,"column":1},"end":{"line":80,"column":1}},{"start":{"line":80,"column":1},"end":{"line":80,"column":1}}]}}},"/Users/erz/test/preceptor-core/lib/utils.js":{"path":"/Users/erz/test/preceptor-core/lib/utils.js","s":{"1":1,"2":1,"3":17,"4":29,"5":17,"6":19,"7":17,"8":44,"9":17,"10":1,"11":31,"12":31,"13":42,"14":41,"15":68,"16":13,"17":5,"18":8,"19":55,"20":0,"21":55,"22":11,"23":44,"24":31,"25":1,"26":17,"27":11,"28":11,"29":24,"30":24,"31":17,"32":24,"33":24,"34":24,"35":6,"36":1,"37":5,"38":5,"39":6,"40":1,"41":5,"42":3,"43":2,"44":5,"45":1,"46":1,"47":1},"b":{"1":[17,6],"2":[17,2],"3":[31,29],"4":[41,1],"5":[13,55],"6":[68,62,56],"7":[5,8],"8":[5,2],"9":[8,5],"10":[0,55],"11":[11,44],"12":[55,50,48],"13":[11,6],"14":[11,6],"15":[17,11,8],"16":[11,3],"17":[1,5],"18":[6,3],"19":[3,2],"20":[5,3]},"f":{"1":17,"2":29,"3":19,"4":44,"5":31,"6":42,"7":68,"8":17,"9":1,"10":24,"11":17,"12":5,"13":6,"14":1},"fnMap":{"1":{"name":"(anonymous_1)","line":19,"loc":{"start":{"line":19,"column":18},"end":{"line":19,"column":46}}},"2":{"name":"(anonymous_2)","line":20,"loc":{"start":{"line":20,"column":15},"end":{"line":20,"column":82}}},"3":{"name":"(anonymous_3)","line":23,"loc":{"start":{"line":23,"column":20},"end":{"line":23,"column":58}}},"4":{"name":"(anonymous_4)","line":25,"loc":{"start":{"line":25,"column":42},"end":{"line":25,"column":69}}},"5":{"name":"(anonymous_5)","line":48,"loc":{"start":{"line":48,"column":17},"end":{"line":48,"column":50}}},"6":{"name":"(anonymous_6)","line":50,"loc":{"start":{"line":50,"column":20},"end":{"line":50,"column":45}}},"7":{"name":"(anonymous_7)","line":52,"loc":{"start":{"line":52,"column":42},"end":{"line":52,"column":57}}},"8":{"name":"(anonymous_8)","line":85,"loc":{"start":{"line":85,"column":19},"end":{"line":85,"column":56}}},"9":{"name":"(anonymous_9)","line":89,"loc":{"start":{"line":89,"column":39},"end":{"line":89,"column":51}}},"10":{"name":"(anonymous_10)","line":92,"loc":{"start":{"line":92,"column":15},"end":{"line":92,"column":27}}},"11":{"name":"(anonymous_11)","line":95,"loc":{"start":{"line":95,"column":27},"end":{"line":95,"column":39}}},"12":{"name":"(anonymous_12)","line":117,"loc":{"start":{"line":117,"column":14},"end":{"line":117,"column":47}}},"13":{"name":"(anonymous_13)","line":120,"loc":{"start":{"line":120,"column":17},"end":{"line":120,"column":32}}},"14":{"name":"(anonymous_14)","line":140,"loc":{"start":{"line":140,"column":19},"end":{"line":140,"column":34}}}},"statementMap":{"1":{"start":{"line":4,"column":0},"end":{"line":4,"column":30}},"2":{"start":{"line":19,"column":0},"end":{"line":36,"column":2}},"3":{"start":{"line":20,"column":4},"end":{"line":22,"column":6}},"4":{"start":{"line":21,"column":8},"end":{"line":21,"column":20}},"5":{"start":{"line":23,"column":4},"end":{"line":34,"column":7}},"6":{"start":{"line":24,"column":8},"end":{"line":33,"column":9}},"7":{"start":{"line":25,"column":12},"end":{"line":32,"column":15}},"8":{"start":{"line":26,"column":16},"end":{"line":31,"column":19}},"9":{"start":{"line":35,"column":4},"end":{"line":35,"column":15}},"10":{"start":{"line":48,"column":0},"end":{"line":70,"column":2}},"11":{"start":{"line":49,"column":4},"end":{"line":49,"column":28}},"12":{"start":{"line":50,"column":4},"end":{"line":68,"column":7}},"13":{"start":{"line":51,"column":8},"end":{"line":67,"column":9}},"14":{"start":{"line":52,"column":12},"end":{"line":66,"column":15}},"15":{"start":{"line":53,"column":16},"end":{"line":65,"column":17}},"16":{"start":{"line":54,"column":20},"end":{"line":58,"column":21}},"17":{"start":{"line":55,"column":24},"end":{"line":55,"column":84}},"18":{"start":{"line":57,"column":24},"end":{"line":57,"column":87}},"19":{"start":{"line":59,"column":23},"end":{"line":65,"column":17}},"20":{"start":{"line":60,"column":20},"end":{"line":60,"column":50}},"21":{"start":{"line":61,"column":23},"end":{"line":65,"column":17}},"22":{"start":{"line":62,"column":20},"end":{"line":62,"column":80}},"23":{"start":{"line":64,"column":20},"end":{"line":64,"column":50}},"24":{"start":{"line":69,"column":4},"end":{"line":69,"column":15}},"25":{"start":{"line":85,"column":0},"end":{"line":107,"column":2}},"26":{"start":{"line":87,"column":4},"end":{"line":106,"column":5}},"27":{"start":{"line":89,"column":8},"end":{"line":90,"column":10}},"28":{"start":{"line":92,"column":8},"end":{"line":102,"column":10}},"29":{"start":{"line":93,"column":12},"end":{"line":93,"column":61}},"30":{"start":{"line":95,"column":12},"end":{"line":97,"column":14}},"31":{"start":{"line":96,"column":16},"end":{"line":96,"column":59}},"32":{"start":{"line":98,"column":12},"end":{"line":98,"column":56}},"33":{"start":{"line":99,"column":12},"end":{"line":99,"column":36}},"34":{"start":{"line":101,"column":12},"end":{"line":101,"column":26}},"35":{"start":{"line":105,"column":8},"end":{"line":105,"column":27}},"36":{"start":{"line":117,"column":0},"end":{"line":131,"column":2}},"37":{"start":{"line":118,"column":4},"end":{"line":118,"column":71}},"38":{"start":{"line":120,"column":4},"end":{"line":128,"column":7}},"39":{"start":{"line":121,"column":8},"end":{"line":127,"column":9}},"40":{"start":{"line":122,"column":12},"end":{"line":122,"column":36}},"41":{"start":{"line":123,"column":15},"end":{"line":127,"column":9}},"42":{"start":{"line":124,"column":12},"end":{"line":124,"column":26}},"43":{"start":{"line":126,"column":12},"end":{"line":126,"column":33}},"44":{"start":{"line":130,"column":4},"end":{"line":130,"column":18}},"45":{"start":{"line":140,"column":0},"end":{"line":142,"column":2}},"46":{"start":{"line":141,"column":4},"end":{"line":141,"column":44}},"47":{"start":{"line":144,"column":0},"end":{"line":150,"column":2}}},"branchMap":{"1":{"line":20,"type":"binary-expr","locations":[{"start":{"line":20,"column":9},"end":{"line":20,"column":11}},{"start":{"line":20,"column":15},"end":{"line":22,"column":5}}]},"2":{"line":24,"type":"if","locations":[{"start":{"line":24,"column":8},"end":{"line":24,"column":8}},{"start":{"line":24,"column":8},"end":{"line":24,"column":8}}]},"3":{"line":49,"type":"binary-expr","locations":[{"start":{"line":49,"column":14},"end":{"line":49,"column":21}},{"start":{"line":49,"column":25},"end":{"line":49,"column":27}}]},"4":{"line":51,"type":"if","locations":[{"start":{"line":51,"column":8},"end":{"line":51,"column":8}},{"start":{"line":51,"column":8},"end":{"line":51,"column":8}}]},"5":{"line":53,"type":"if","locations":[{"start":{"line":53,"column":16},"end":{"line":53,"column":16}},{"start":{"line":53,"column":16},"end":{"line":53,"column":16}}]},"6":{"line":53,"type":"binary-expr","locations":[{"start":{"line":53,"column":21},"end":{"line":53,"column":40}},{"start":{"line":53,"column":44},"end":{"line":53,"column":53}},{"start":{"line":53,"column":58},"end":{"line":53,"column":87}}]},"7":{"line":54,"type":"if","locations":[{"start":{"line":54,"column":20},"end":{"line":54,"column":20}},{"start":{"line":54,"column":20},"end":{"line":54,"column":20}}]},"8":{"line":55,"type":"binary-expr","locations":[{"start":{"line":55,"column":46},"end":{"line":55,"column":54}},{"start":{"line":55,"column":58},"end":{"line":55,"column":60}}]},"9":{"line":57,"type":"binary-expr","locations":[{"start":{"line":57,"column":36},"end":{"line":57,"column":44}},{"start":{"line":57,"column":48},"end":{"line":57,"column":50}}]},"10":{"line":59,"type":"if","locations":[{"start":{"line":59,"column":23},"end":{"line":59,"column":23}},{"start":{"line":59,"column":23},"end":{"line":59,"column":23}}]},"11":{"line":61,"type":"if","locations":[{"start":{"line":61,"column":23},"end":{"line":61,"column":23}},{"start":{"line":61,"column":23},"end":{"line":61,"column":23}}]},"12":{"line":61,"type":"binary-expr","locations":[{"start":{"line":61,"column":28},"end":{"line":61,"column":48}},{"start":{"line":61,"column":52},"end":{"line":61,"column":61}},{"start":{"line":61,"column":66},"end":{"line":61,"column":96}}]},"13":{"line":62,"type":"binary-expr","locations":[{"start":{"line":62,"column":42},"end":{"line":62,"column":50}},{"start":{"line":62,"column":54},"end":{"line":62,"column":56}}]},"14":{"line":87,"type":"if","locations":[{"start":{"line":87,"column":4},"end":{"line":87,"column":4}},{"start":{"line":87,"column":4},"end":{"line":87,"column":4}}]},"15":{"line":87,"type":"binary-expr","locations":[{"start":{"line":87,"column":8},"end":{"line":87,"column":33}},{"start":{"line":87,"column":38},"end":{"line":87,"column":51}},{"start":{"line":87,"column":55},"end":{"line":87,"column":81}}]},"16":{"line":89,"type":"binary-expr","locations":[{"start":{"line":89,"column":23},"end":{"line":89,"column":35}},{"start":{"line":89,"column":39},"end":{"line":90,"column":9}}]},"17":{"line":121,"type":"if","locations":[{"start":{"line":121,"column":8},"end":{"line":121,"column":8}},{"start":{"line":121,"column":8},"end":{"line":121,"column":8}}]},"18":{"line":121,"type":"binary-expr","locations":[{"start":{"line":121,"column":13},"end":{"line":121,"column":39}},{"start":{"line":121,"column":45},"end":{"line":121,"column":70}}]},"19":{"line":123,"type":"if","locations":[{"start":{"line":123,"column":15},"end":{"line":123,"column":15}},{"start":{"line":123,"column":15},"end":{"line":123,"column":15}}]},"20":{"line":123,"type":"binary-expr","locations":[{"start":{"line":123,"column":20},"end":{"line":123,"column":46}},{"start":{"line":123,"column":52},"end":{"line":123,"column":77}}]}}},"/Users/erz/test/preceptor-core/example/pets.js":{"path":"/Users/erz/test/preceptor-core/example/pets.js","s":{"1":1,"2":1,"3":6,"4":6,"5":6,"6":6,"7":2,"8":2,"9":4,"10":1,"11":3,"12":1,"13":1,"14":3,"15":1,"16":1},"b":{},"f":{"1":6,"2":2,"3":4,"4":3,"5":1,"6":3,"7":1},"fnMap":{"1":{"name":"(anonymous_1)","line":21,"loc":{"start":{"line":21,"column":4},"end":{"line":21,"column":26}}},"2":{"name":"(anonymous_2)","line":46,"loc":{"start":{"line":46,"column":19},"end":{"line":46,"column":36}}},"3":{"name":"(anonymous_3)","line":56,"loc":{"start":{"line":56,"column":17},"end":{"line":56,"column":29}}},"4":{"name":"(anonymous_4)","line":96,"loc":{"start":{"line":96,"column":4},"end":{"line":96,"column":20}}},"5":{"name":"(anonymous_5)","line":108,"loc":{"start":{"line":108,"column":19},"end":{"line":108,"column":31}}},"6":{"name":"(anonymous_6)","line":134,"loc":{"start":{"line":134,"column":4},"end":{"line":134,"column":20}}},"7":{"name":"(anonymous_7)","line":146,"loc":{"start":{"line":146,"column":19},"end":{"line":146,"column":31}}}},"statementMap":{"1":{"start":{"line":4,"column":0},"end":{"line":4,"column":31}},"2":{"start":{"line":12,"column":0},"end":{"line":82,"column":2}},"3":{"start":{"line":24,"column":8},"end":{"line":24,"column":23}},"4":{"start":{"line":27,"column":8},"end":{"line":27,"column":26}},"5":{"start":{"line":28,"column":8},"end":{"line":28,"column":26}},"6":{"start":{"line":31,"column":8},"end":{"line":31,"column":38}},"7":{"start":{"line":47,"column":12},"end":{"line":47,"column":54}},"8":{"start":{"line":48,"column":12},"end":{"line":48,"column":54}},"9":{"start":{"line":57,"column":12},"end":{"line":57,"column":30}},"10":{"start":{"line":88,"column":0},"end":{"line":120,"column":2}},"11":{"start":{"line":97,"column":8},"end":{"line":97,"column":34}},"12":{"start":{"line":109,"column":12},"end":{"line":109,"column":40}},"13":{"start":{"line":126,"column":0},"end":{"line":158,"column":2}},"14":{"start":{"line":135,"column":8},"end":{"line":135,"column":34}},"15":{"start":{"line":147,"column":12},"end":{"line":147,"column":40}},"16":{"start":{"line":160,"column":0},"end":{"line":164,"column":2}}},"branchMap":{}}}