{"/Users/erz/code/yahoo/preceptor-core/index.js":{"path":"/Users/erz/code/yahoo/preceptor-core/index.js","s":{"1":1},"b":{},"f":{},"fnMap":{},"statementMap":{"1":{"start":{"line":4,"column":0},"end":{"line":38,"column":2}}},"branchMap":{}},"/Users/erz/code/yahoo/preceptor-core/lib/base.js":{"path":"/Users/erz/code/yahoo/preceptor-core/lib/base.js","s":{"1":1,"2":1,"3":1,"4":1,"5":1,"6":9,"7":1,"8":1,"9":1,"10":1,"11":3,"12":1,"13":1,"14":1,"15":5,"16":5,"17":1,"18":1,"19":1,"20":5,"21":1,"22":1,"23":5,"24":5,"25":5,"26":5,"27":5,"28":5,"29":5,"30":5,"31":5,"32":5,"33":1,"34":3,"35":1},"b":{"1":[1,4],"2":[1,4]},"f":{"1":9,"2":3,"3":5,"4":1,"5":5,"6":3},"fnMap":{"1":{"name":"Base","line":17,"loc":{"start":{"line":17,"column":0},"end":{"line":17,"column":17}}},"2":{"name":"(anonymous_2)","line":43,"loc":{"start":{"line":43,"column":26},"end":{"line":43,"column":38}}},"3":{"name":"(anonymous_3)","line":68,"loc":{"start":{"line":68,"column":14},"end":{"line":68,"column":78}}},"4":{"name":"(anonymous_4)","line":79,"loc":{"start":{"line":79,"column":18},"end":{"line":79,"column":30}}},"5":{"name":"(anonymous_5)","line":92,"loc":{"start":{"line":92,"column":5},"end":{"line":92,"column":17}}},"6":{"name":"(anonymous_6)","line":113,"loc":{"start":{"line":113,"column":16},"end":{"line":113,"column":28}}}},"statementMap":{"1":{"start":{"line":4,"column":0},"end":{"line":4,"column":30}},"2":{"start":{"line":5,"column":0},"end":{"line":5,"column":31}},"3":{"start":{"line":6,"column":0},"end":{"line":6,"column":50}},"4":{"start":{"line":8,"column":0},"end":{"line":8,"column":31}},"5":{"start":{"line":17,"column":0},"end":{"line":19,"column":1}},"6":{"start":{"line":18,"column":1},"end":{"line":18,"column":41}},"7":{"start":{"line":20,"column":0},"end":{"line":20,"column":38}},"8":{"start":{"line":27,"column":0},"end":{"line":27,"column":30}},"9":{"start":{"line":35,"column":0},"end":{"line":35,"column":32}},"10":{"start":{"line":43,"column":0},"end":{"line":45,"column":2}},"11":{"start":{"line":44,"column":1},"end":{"line":44,"column":90}},"12":{"start":{"line":47,"column":0},"end":{"line":47,"column":34}},"13":{"start":{"line":56,"column":0},"end":{"line":56,"column":19}},"14":{"start":{"line":68,"column":0},"end":{"line":104,"column":2}},"15":{"start":{"line":70,"column":1},"end":{"line":70,"column":29}},"16":{"start":{"line":72,"column":1},"end":{"line":76,"column":2}},"17":{"start":{"line":73,"column":2},"end":{"line":73,"column":41}},"18":{"start":{"line":74,"column":2},"end":{"line":74,"column":38}},"19":{"start":{"line":75,"column":2},"end":{"line":75,"column":28}},"20":{"start":{"line":78,"column":1},"end":{"line":82,"column":2}},"21":{"start":{"line":79,"column":2},"end":{"line":81,"column":4}},"22":{"start":{"line":80,"column":3},"end":{"line":80,"column":46}},"23":{"start":{"line":84,"column":1},"end":{"line":84,"column":51}},"24":{"start":{"line":87,"column":1},"end":{"line":87,"column":36}},"25":{"start":{"line":90,"column":1},"end":{"line":90,"column":66}},"26":{"start":{"line":92,"column":1},"end":{"line":94,"column":3}},"27":{"start":{"line":93,"column":2},"end":{"line":93,"column":27}},"28":{"start":{"line":95,"column":1},"end":{"line":95,"column":32}},"29":{"start":{"line":96,"column":1},"end":{"line":96,"column":27}},"30":{"start":{"line":99,"column":1},"end":{"line":99,"column":79}},"31":{"start":{"line":101,"column":1},"end":{"line":101,"column":35}},"32":{"start":{"line":103,"column":1},"end":{"line":103,"column":14}},"33":{"start":{"line":113,"column":0},"end":{"line":115,"column":2}},"34":{"start":{"line":114,"column":1},"end":{"line":114,"column":30}},"35":{"start":{"line":117,"column":0},"end":{"line":117,"column":22}}},"branchMap":{"1":{"line":72,"type":"if","locations":[{"start":{"line":72,"column":1},"end":{"line":72,"column":1}},{"start":{"line":72,"column":1},"end":{"line":72,"column":1}}]},"2":{"line":78,"type":"if","locations":[{"start":{"line":78,"column":1},"end":{"line":78,"column":1}},{"start":{"line":78,"column":1},"end":{"line":78,"column":1}}]}}},"/Users/erz/code/yahoo/preceptor-core/lib/utils.js":{"path":"/Users/erz/code/yahoo/preceptor-core/lib/utils.js","s":{"1":1,"2":1,"3":17,"4":29,"5":17,"6":19,"7":17,"8":44,"9":17,"10":1,"11":37,"12":37,"13":48,"14":47,"15":77,"16":77,"17":15,"18":5,"19":10,"20":10,"21":21,"22":1,"23":20,"24":1,"25":19,"26":62,"27":1,"28":61,"29":11,"30":50,"31":37,"32":1,"33":17,"34":11,"35":11,"36":24,"37":24,"38":17,"39":24,"40":24,"41":24,"42":6,"43":1,"44":5,"45":5,"46":6,"47":1,"48":5,"49":3,"50":2,"51":5,"52":1,"53":1,"54":1,"55":3,"56":3,"57":2,"58":1,"59":1,"60":1},"b":{"1":[17,6],"2":[17,2],"3":[37,35],"4":[47,1],"5":[15,62],"6":[77,71,65],"7":[5,10],"8":[5,2],"9":[10,7],"10":[1,20],"11":[1,19],"12":[1,61],"13":[11,50],"14":[61,56,54],"15":[11,6],"16":[11,6],"17":[17,11,8],"18":[11,3],"19":[1,5],"20":[6,3],"21":[3,2],"22":[5,3],"23":[1,1]},"f":{"1":17,"2":29,"3":19,"4":44,"5":37,"6":48,"7":77,"8":17,"9":1,"10":24,"11":17,"12":5,"13":6,"14":1,"15":3},"fnMap":{"1":{"name":"(anonymous_1)","line":19,"loc":{"start":{"line":19,"column":18},"end":{"line":19,"column":46}}},"2":{"name":"(anonymous_2)","line":20,"loc":{"start":{"line":20,"column":12},"end":{"line":20,"column":79}}},"3":{"name":"(anonymous_3)","line":23,"loc":{"start":{"line":23,"column":17},"end":{"line":23,"column":55}}},"4":{"name":"(anonymous_4)","line":25,"loc":{"start":{"line":25,"column":33},"end":{"line":25,"column":60}}},"5":{"name":"(anonymous_5)","line":45,"loc":{"start":{"line":45,"column":17},"end":{"line":45,"column":50}}},"6":{"name":"(anonymous_6)","line":47,"loc":{"start":{"line":47,"column":17},"end":{"line":47,"column":42}}},"7":{"name":"(anonymous_7)","line":49,"loc":{"start":{"line":49,"column":33},"end":{"line":49,"column":48}}},"8":{"name":"(anonymous_8)","line":92,"loc":{"start":{"line":92,"column":19},"end":{"line":92,"column":56}}},"9":{"name":"(anonymous_9)","line":96,"loc":{"start":{"line":96,"column":33},"end":{"line":96,"column":45}}},"10":{"name":"(anonymous_10)","line":99,"loc":{"start":{"line":99,"column":9},"end":{"line":99,"column":21}}},"11":{"name":"(anonymous_11)","line":102,"loc":{"start":{"line":102,"column":18},"end":{"line":102,"column":30}}},"12":{"name":"(anonymous_12)","line":124,"loc":{"start":{"line":124,"column":14},"end":{"line":124,"column":47}}},"13":{"name":"(anonymous_13)","line":127,"loc":{"start":{"line":127,"column":14},"end":{"line":127,"column":29}}},"14":{"name":"(anonymous_14)","line":147,"loc":{"start":{"line":147,"column":19},"end":{"line":147,"column":34}}},"15":{"name":"(anonymous_15)","line":159,"loc":{"start":{"line":159,"column":13},"end":{"line":159,"column":45}}}},"statementMap":{"1":{"start":{"line":4,"column":0},"end":{"line":4,"column":30}},"2":{"start":{"line":19,"column":0},"end":{"line":33,"column":2}},"3":{"start":{"line":20,"column":1},"end":{"line":22,"column":3}},"4":{"start":{"line":21,"column":2},"end":{"line":21,"column":14}},"5":{"start":{"line":23,"column":1},"end":{"line":31,"column":4}},"6":{"start":{"line":24,"column":2},"end":{"line":30,"column":3}},"7":{"start":{"line":25,"column":3},"end":{"line":29,"column":6}},"8":{"start":{"line":26,"column":4},"end":{"line":28,"column":7}},"9":{"start":{"line":32,"column":1},"end":{"line":32,"column":12}},"10":{"start":{"line":45,"column":0},"end":{"line":77,"column":2}},"11":{"start":{"line":46,"column":1},"end":{"line":46,"column":25}},"12":{"start":{"line":47,"column":1},"end":{"line":75,"column":4}},"13":{"start":{"line":48,"column":2},"end":{"line":74,"column":3}},"14":{"start":{"line":49,"column":3},"end":{"line":73,"column":6}},"15":{"start":{"line":50,"column":4},"end":{"line":50,"column":15}},"16":{"start":{"line":51,"column":4},"end":{"line":72,"column":5}},"17":{"start":{"line":52,"column":5},"end":{"line":65,"column":6}},"18":{"start":{"line":53,"column":6},"end":{"line":53,"column":66}},"19":{"start":{"line":55,"column":6},"end":{"line":55,"column":34}},"20":{"start":{"line":56,"column":6},"end":{"line":64,"column":7}},"21":{"start":{"line":57,"column":7},"end":{"line":63,"column":8}},"22":{"start":{"line":58,"column":8},"end":{"line":58,"column":63}},"23":{"start":{"line":59,"column":14},"end":{"line":63,"column":8}},"24":{"start":{"line":60,"column":8},"end":{"line":60,"column":63}},"25":{"start":{"line":62,"column":8},"end":{"line":62,"column":45}},"26":{"start":{"line":66,"column":11},"end":{"line":72,"column":5}},"27":{"start":{"line":67,"column":5},"end":{"line":67,"column":35}},"28":{"start":{"line":68,"column":11},"end":{"line":72,"column":5}},"29":{"start":{"line":69,"column":5},"end":{"line":69,"column":65}},"30":{"start":{"line":71,"column":5},"end":{"line":71,"column":35}},"31":{"start":{"line":76,"column":1},"end":{"line":76,"column":12}},"32":{"start":{"line":92,"column":0},"end":{"line":114,"column":2}},"33":{"start":{"line":94,"column":1},"end":{"line":113,"column":2}},"34":{"start":{"line":96,"column":2},"end":{"line":97,"column":4}},"35":{"start":{"line":99,"column":2},"end":{"line":109,"column":4}},"36":{"start":{"line":100,"column":3},"end":{"line":100,"column":52}},"37":{"start":{"line":102,"column":3},"end":{"line":104,"column":5}},"38":{"start":{"line":103,"column":4},"end":{"line":103,"column":47}},"39":{"start":{"line":105,"column":3},"end":{"line":105,"column":47}},"40":{"start":{"line":106,"column":3},"end":{"line":106,"column":27}},"41":{"start":{"line":108,"column":3},"end":{"line":108,"column":17}},"42":{"start":{"line":112,"column":2},"end":{"line":112,"column":21}},"43":{"start":{"line":124,"column":0},"end":{"line":138,"column":2}},"44":{"start":{"line":125,"column":1},"end":{"line":125,"column":68}},"45":{"start":{"line":127,"column":1},"end":{"line":135,"column":4}},"46":{"start":{"line":128,"column":2},"end":{"line":134,"column":3}},"47":{"start":{"line":129,"column":3},"end":{"line":129,"column":27}},"48":{"start":{"line":130,"column":9},"end":{"line":134,"column":3}},"49":{"start":{"line":131,"column":3},"end":{"line":131,"column":17}},"50":{"start":{"line":133,"column":3},"end":{"line":133,"column":24}},"51":{"start":{"line":137,"column":1},"end":{"line":137,"column":15}},"52":{"start":{"line":147,"column":0},"end":{"line":149,"column":2}},"53":{"start":{"line":148,"column":1},"end":{"line":148,"column":41}},"54":{"start":{"line":159,"column":0},"end":{"line":168,"column":2}},"55":{"start":{"line":160,"column":1},"end":{"line":167,"column":2}},"56":{"start":{"line":161,"column":2},"end":{"line":161,"column":25}},"57":{"start":{"line":163,"column":2},"end":{"line":165,"column":3}},"58":{"start":{"line":164,"column":3},"end":{"line":164,"column":52}},"59":{"start":{"line":166,"column":2},"end":{"line":166,"column":22}},"60":{"start":{"line":170,"column":0},"end":{"line":177,"column":2}}},"branchMap":{"1":{"line":20,"type":"binary-expr","locations":[{"start":{"line":20,"column":6},"end":{"line":20,"column":8}},{"start":{"line":20,"column":12},"end":{"line":22,"column":2}}]},"2":{"line":24,"type":"if","locations":[{"start":{"line":24,"column":2},"end":{"line":24,"column":2}},{"start":{"line":24,"column":2},"end":{"line":24,"column":2}}]},"3":{"line":46,"type":"binary-expr","locations":[{"start":{"line":46,"column":11},"end":{"line":46,"column":18}},{"start":{"line":46,"column":22},"end":{"line":46,"column":24}}]},"4":{"line":48,"type":"if","locations":[{"start":{"line":48,"column":2},"end":{"line":48,"column":2}},{"start":{"line":48,"column":2},"end":{"line":48,"column":2}}]},"5":{"line":51,"type":"if","locations":[{"start":{"line":51,"column":4},"end":{"line":51,"column":4}},{"start":{"line":51,"column":4},"end":{"line":51,"column":4}}]},"6":{"line":51,"type":"binary-expr","locations":[{"start":{"line":51,"column":9},"end":{"line":51,"column":28}},{"start":{"line":51,"column":32},"end":{"line":51,"column":41}},{"start":{"line":51,"column":46},"end":{"line":51,"column":75}}]},"7":{"line":52,"type":"if","locations":[{"start":{"line":52,"column":5},"end":{"line":52,"column":5}},{"start":{"line":52,"column":5},"end":{"line":52,"column":5}}]},"8":{"line":53,"type":"binary-expr","locations":[{"start":{"line":53,"column":28},"end":{"line":53,"column":36}},{"start":{"line":53,"column":40},"end":{"line":53,"column":42}}]},"9":{"line":55,"type":"binary-expr","locations":[{"start":{"line":55,"column":18},"end":{"line":55,"column":26}},{"start":{"line":55,"column":30},"end":{"line":55,"column":32}}]},"10":{"line":57,"type":"if","locations":[{"start":{"line":57,"column":7},"end":{"line":57,"column":7}},{"start":{"line":57,"column":7},"end":{"line":57,"column":7}}]},"11":{"line":59,"type":"if","locations":[{"start":{"line":59,"column":14},"end":{"line":59,"column":14}},{"start":{"line":59,"column":14},"end":{"line":59,"column":14}}]},"12":{"line":66,"type":"if","locations":[{"start":{"line":66,"column":11},"end":{"line":66,"column":11}},{"start":{"line":66,"column":11},"end":{"line":66,"column":11}}]},"13":{"line":68,"type":"if","locations":[{"start":{"line":68,"column":11},"end":{"line":68,"column":11}},{"start":{"line":68,"column":11},"end":{"line":68,"column":11}}]},"14":{"line":68,"type":"binary-expr","locations":[{"start":{"line":68,"column":16},"end":{"line":68,"column":36}},{"start":{"line":68,"column":40},"end":{"line":68,"column":49}},{"start":{"line":68,"column":54},"end":{"line":68,"column":84}}]},"15":{"line":69,"type":"binary-expr","locations":[{"start":{"line":69,"column":27},"end":{"line":69,"column":35}},{"start":{"line":69,"column":39},"end":{"line":69,"column":41}}]},"16":{"line":94,"type":"if","locations":[{"start":{"line":94,"column":1},"end":{"line":94,"column":1}},{"start":{"line":94,"column":1},"end":{"line":94,"column":1}}]},"17":{"line":94,"type":"binary-expr","locations":[{"start":{"line":94,"column":5},"end":{"line":94,"column":30}},{"start":{"line":94,"column":35},"end":{"line":94,"column":48}},{"start":{"line":94,"column":52},"end":{"line":94,"column":78}}]},"18":{"line":96,"type":"binary-expr","locations":[{"start":{"line":96,"column":17},"end":{"line":96,"column":29}},{"start":{"line":96,"column":33},"end":{"line":97,"column":3}}]},"19":{"line":128,"type":"if","locations":[{"start":{"line":128,"column":2},"end":{"line":128,"column":2}},{"start":{"line":128,"column":2},"end":{"line":128,"column":2}}]},"20":{"line":128,"type":"binary-expr","locations":[{"start":{"line":128,"column":7},"end":{"line":128,"column":33}},{"start":{"line":128,"column":39},"end":{"line":128,"column":64}}]},"21":{"line":130,"type":"if","locations":[{"start":{"line":130,"column":9},"end":{"line":130,"column":9}},{"start":{"line":130,"column":9},"end":{"line":130,"column":9}}]},"22":{"line":130,"type":"binary-expr","locations":[{"start":{"line":130,"column":14},"end":{"line":130,"column":40}},{"start":{"line":130,"column":46},"end":{"line":130,"column":71}}]},"23":{"line":163,"type":"if","locations":[{"start":{"line":163,"column":2},"end":{"line":163,"column":2}},{"start":{"line":163,"column":2},"end":{"line":163,"column":2}}]}}},"/Users/erz/code/yahoo/preceptor-core/lib/log.js":{"path":"/Users/erz/code/yahoo/preceptor-core/lib/log.js","s":{"1":1,"2":1,"3":1,"4":1,"5":1,"6":1,"7":1,"8":1,"9":2,"10":1,"11":5,"12":5,"13":2,"14":2,"15":4,"16":1,"17":2,"18":1,"19":1,"20":1,"21":2,"22":1,"23":2,"24":1,"25":1,"26":1,"27":2,"28":1,"29":1,"30":1,"31":1,"32":1},"b":{"1":[1,1],"2":[1,3],"3":[1,1]},"f":{"1":2,"2":5,"3":2,"4":2,"5":1,"6":1,"7":2,"8":1,"9":1},"fnMap":{"1":{"name":"(anonymous_1)","line":23,"loc":{"start":{"line":23,"column":22},"end":{"line":23,"column":40}}},"2":{"name":"(anonymous_2)","line":27,"loc":{"start":{"line":27,"column":54},"end":{"line":27,"column":70}}},"3":{"name":"(anonymous_3)","line":30,"loc":{"start":{"line":30,"column":18},"end":{"line":30,"column":30}}},"4":{"name":"(anonymous_4)","line":82,"loc":{"start":{"line":82,"column":11},"end":{"line":82,"column":23}}},"5":{"name":"(anonymous_5)","line":92,"loc":{"start":{"line":92,"column":11},"end":{"line":92,"column":28}}},"6":{"name":"(anonymous_6)","line":104,"loc":{"start":{"line":104,"column":21},"end":{"line":104,"column":33}}},"7":{"name":"(anonymous_7)","line":115,"loc":{"start":{"line":115,"column":12},"end":{"line":115,"column":34}}},"8":{"name":"(anonymous_8)","line":124,"loc":{"start":{"line":124,"column":8},"end":{"line":124,"column":20}}},"9":{"name":"(anonymous_9)","line":128,"loc":{"start":{"line":128,"column":18},"end":{"line":128,"column":35}}}},"statementMap":{"1":{"start":{"line":4,"column":0},"end":{"line":4,"column":31}},"2":{"start":{"line":5,"column":0},"end":{"line":5,"column":27}},"3":{"start":{"line":6,"column":0},"end":{"line":6,"column":30}},"4":{"start":{"line":8,"column":0},"end":{"line":8,"column":20}},"5":{"start":{"line":10,"column":0},"end":{"line":10,"column":21}},"6":{"start":{"line":11,"column":0},"end":{"line":11,"column":17}},"7":{"start":{"line":13,"column":0},"end":{"line":13,"column":33}},"8":{"start":{"line":23,"column":0},"end":{"line":53,"column":2}},"9":{"start":{"line":25,"column":1},"end":{"line":50,"column":2}},"10":{"start":{"line":27,"column":2},"end":{"line":47,"column":5}},"11":{"start":{"line":28,"column":3},"end":{"line":28,"column":34}},"12":{"start":{"line":30,"column":3},"end":{"line":46,"column":5}},"13":{"start":{"line":31,"column":4},"end":{"line":31,"column":53}},"14":{"start":{"line":33,"column":4},"end":{"line":37,"column":5}},"15":{"start":{"line":34,"column":5},"end":{"line":36,"column":6}},"16":{"start":{"line":35,"column":6},"end":{"line":35,"column":49}},"17":{"start":{"line":39,"column":4},"end":{"line":45,"column":5}},"18":{"start":{"line":40,"column":5},"end":{"line":42,"column":8}},"19":{"start":{"line":44,"column":5},"end":{"line":44,"column":37}},"20":{"start":{"line":49,"column":2},"end":{"line":49,"column":27}},"21":{"start":{"line":52,"column":1},"end":{"line":52,"column":15}},"22":{"start":{"line":74,"column":0},"end":{"line":133,"column":2}},"23":{"start":{"line":83,"column":2},"end":{"line":83,"column":16}},"24":{"start":{"line":93,"column":2},"end":{"line":93,"column":17}},"25":{"start":{"line":94,"column":2},"end":{"line":94,"column":35}},"26":{"start":{"line":105,"column":2},"end":{"line":105,"column":16}},"27":{"start":{"line":116,"column":2},"end":{"line":116,"column":55}},"28":{"start":{"line":125,"column":2},"end":{"line":125,"column":20}},"29":{"start":{"line":128,"column":2},"end":{"line":130,"column":5}},"30":{"start":{"line":129,"column":3},"end":{"line":129,"column":61}},"31":{"start":{"line":131,"column":2},"end":{"line":131,"column":15}},"32":{"start":{"line":135,"column":0},"end":{"line":135,"column":21}}},"branchMap":{"1":{"line":25,"type":"if","locations":[{"start":{"line":25,"column":1},"end":{"line":25,"column":1}},{"start":{"line":25,"column":1},"end":{"line":25,"column":1}}]},"2":{"line":34,"type":"if","locations":[{"start":{"line":34,"column":5},"end":{"line":34,"column":5}},{"start":{"line":34,"column":5},"end":{"line":34,"column":5}}]},"3":{"line":39,"type":"if","locations":[{"start":{"line":39,"column":4},"end":{"line":39,"column":4}},{"start":{"line":39,"column":4},"end":{"line":39,"column":4}}]}}},"/Users/erz/code/yahoo/preceptor-core/examples/pets.js":{"path":"/Users/erz/code/yahoo/preceptor-core/examples/pets.js","s":{"1":1,"2":1,"3":6,"4":6,"5":6,"6":6,"7":2,"8":2,"9":4,"10":1,"11":3,"12":1,"13":1,"14":3,"15":1,"16":1},"b":{},"f":{"1":6,"2":2,"3":4,"4":3,"5":1,"6":3,"7":1},"fnMap":{"1":{"name":"(anonymous_1)","line":19,"loc":{"start":{"line":19,"column":1},"end":{"line":19,"column":23}}},"2":{"name":"(anonymous_2)","line":44,"loc":{"start":{"line":44,"column":13},"end":{"line":44,"column":30}}},"3":{"name":"(anonymous_3)","line":54,"loc":{"start":{"line":54,"column":11},"end":{"line":54,"column":23}}},"4":{"name":"(anonymous_4)","line":91,"loc":{"start":{"line":91,"column":1},"end":{"line":91,"column":17}}},"5":{"name":"(anonymous_5)","line":103,"loc":{"start":{"line":103,"column":13},"end":{"line":103,"column":25}}},"6":{"name":"(anonymous_6)","line":126,"loc":{"start":{"line":126,"column":1},"end":{"line":126,"column":17}}},"7":{"name":"(anonymous_7)","line":138,"loc":{"start":{"line":138,"column":13},"end":{"line":138,"column":25}}}},"statementMap":{"1":{"start":{"line":4,"column":0},"end":{"line":4,"column":31}},"2":{"start":{"line":12,"column":0},"end":{"line":79,"column":4}},"3":{"start":{"line":22,"column":2},"end":{"line":22,"column":17}},"4":{"start":{"line":25,"column":2},"end":{"line":25,"column":20}},"5":{"start":{"line":26,"column":2},"end":{"line":26,"column":20}},"6":{"start":{"line":29,"column":2},"end":{"line":29,"column":32}},"7":{"start":{"line":45,"column":3},"end":{"line":45,"column":45}},"8":{"start":{"line":46,"column":3},"end":{"line":46,"column":45}},"9":{"start":{"line":55,"column":3},"end":{"line":55,"column":21}},"10":{"start":{"line":85,"column":0},"end":{"line":114,"column":4}},"11":{"start":{"line":92,"column":2},"end":{"line":92,"column":28}},"12":{"start":{"line":104,"column":3},"end":{"line":104,"column":31}},"13":{"start":{"line":120,"column":0},"end":{"line":149,"column":4}},"14":{"start":{"line":127,"column":2},"end":{"line":127,"column":28}},"15":{"start":{"line":139,"column":3},"end":{"line":139,"column":31}},"16":{"start":{"line":151,"column":0},"end":{"line":153,"column":2}}},"branchMap":{}}}