TN:
SF:/Users/erz/test/preceptor-core/index.js
FNF:0
FNH:0
DA:4,1
DA:5,1
DA:7,1
LF:3
LH:3
BRF:0
BRH:0
end_of_record
TN:
SF:/Users/erz/test/preceptor-core/lib/base.js
FN:17,Base
FN:43,(anonymous_2)
FN:68,(anonymous_3)
FN:81,(anonymous_4)
FN:94,(anonymous_5)
FN:115,(anonymous_6)
FNF:6
FNH:6
FNDA:9,Base
FNDA:3,(anonymous_2)
FNDA:5,(anonymous_3)
FNDA:1,(anonymous_4)
FNDA:5,(anonymous_5)
FNDA:3,(anonymous_6)
DA:4,1
DA:5,1
DA:6,1
DA:8,1
DA:17,1
DA:18,9
DA:20,1
DA:27,1
DA:35,1
DA:43,1
DA:44,3
DA:47,1
DA:56,1
DA:68,1
DA:70,5
DA:74,5
DA:75,1
DA:76,1
DA:77,1
DA:80,5
DA:81,1
DA:82,1
DA:86,5
DA:89,5
DA:92,5
DA:94,5
DA:95,5
DA:97,5
DA:98,5
DA:101,5
DA:103,5
DA:105,5
DA:115,1
DA:116,3
DA:119,1
LF:35
LH:35
BRDA:74,1,0,1
BRDA:74,1,1,4
BRDA:80,2,0,1
BRDA:80,2,1,4
BRF:4
BRH:4
end_of_record
TN:
SF:/Users/erz/test/preceptor-core/lib/utils.js
FN:19,(anonymous_1)
FN:20,(anonymous_2)
FN:23,(anonymous_3)
FN:25,(anonymous_4)
FN:48,(anonymous_5)
FN:50,(anonymous_6)
FN:52,(anonymous_7)
FN:85,(anonymous_8)
FN:89,(anonymous_9)
FN:92,(anonymous_10)
FN:95,(anonymous_11)
FN:117,(anonymous_12)
FN:120,(anonymous_13)
FN:140,(anonymous_14)
FNF:14
FNH:14
FNDA:17,(anonymous_1)
FNDA:29,(anonymous_2)
FNDA:19,(anonymous_3)
FNDA:44,(anonymous_4)
FNDA:31,(anonymous_5)
FNDA:42,(anonymous_6)
FNDA:68,(anonymous_7)
FNDA:17,(anonymous_8)
FNDA:1,(anonymous_9)
FNDA:24,(anonymous_10)
FNDA:17,(anonymous_11)
FNDA:5,(anonymous_12)
FNDA:6,(anonymous_13)
FNDA:1,(anonymous_14)
DA:4,1
DA:19,1
DA:20,17
DA:21,29
DA:23,17
DA:24,19
DA:25,17
DA:26,44
DA:35,17
DA:48,1
DA:49,31
DA:50,31
DA:51,42
DA:52,41
DA:53,68
DA:54,13
DA:55,5
DA:57,8
DA:59,55
DA:60,0
DA:61,55
DA:62,11
DA:64,44
DA:69,31
DA:85,1
DA:87,17
DA:89,11
DA:92,11
DA:93,24
DA:95,24
DA:96,17
DA:98,24
DA:99,24
DA:101,24
DA:105,6
DA:117,1
DA:118,5
DA:120,5
DA:121,6
DA:122,1
DA:123,5
DA:124,3
DA:126,2
DA:130,5
DA:140,1
DA:141,1
DA:144,1
LF:47
LH:46
BRDA:20,1,0,17
BRDA:20,1,1,6
BRDA:24,2,0,17
BRDA:24,2,1,2
BRDA:49,3,0,31
BRDA:49,3,1,29
BRDA:51,4,0,41
BRDA:51,4,1,1
BRDA:53,5,0,13
BRDA:53,5,1,55
BRDA:53,6,0,68
BRDA:53,6,1,62
BRDA:53,6,2,56
BRDA:54,7,0,5
BRDA:54,7,1,8
BRDA:55,8,0,5
BRDA:55,8,1,2
BRDA:57,9,0,8
BRDA:57,9,1,5
BRDA:59,10,0,0
BRDA:59,10,1,55
BRDA:61,11,0,11
BRDA:61,11,1,44
BRDA:61,12,0,55
BRDA:61,12,1,50
BRDA:61,12,2,48
BRDA:62,13,0,11
BRDA:62,13,1,6
BRDA:87,14,0,11
BRDA:87,14,1,6
BRDA:87,15,0,17
BRDA:87,15,1,11
BRDA:87,15,2,8
BRDA:89,16,0,11
BRDA:89,16,1,3
BRDA:121,17,0,1
BRDA:121,17,1,5
BRDA:121,18,0,6
BRDA:121,18,1,3
BRDA:123,19,0,3
BRDA:123,19,1,2
BRDA:123,20,0,5
BRDA:123,20,1,3
BRF:43
BRH:42
end_of_record
TN:
SF:/Users/erz/test/preceptor-core/example/pets.js
FN:21,(anonymous_1)
FN:46,(anonymous_2)
FN:56,(anonymous_3)
FN:96,(anonymous_4)
FN:108,(anonymous_5)
FN:134,(anonymous_6)
FN:146,(anonymous_7)
FNF:7
FNH:7
FNDA:6,(anonymous_1)
FNDA:2,(anonymous_2)
FNDA:4,(anonymous_3)
FNDA:3,(anonymous_4)
FNDA:1,(anonymous_5)
FNDA:3,(anonymous_6)
FNDA:1,(anonymous_7)
DA:4,1
DA:12,1
DA:24,6
DA:27,6
DA:28,6
DA:31,6
DA:47,2
DA:48,2
DA:57,4
DA:88,1
DA:97,3
DA:109,1
DA:126,1
DA:135,3
DA:147,1
DA:160,1
LF:16
LH:16
BRF:0
BRH:0
end_of_record
