TN:
SF:/Users/erz/code/yahoo/preceptor-core/index.js
FNF:0
FNH:0
DA:4,1
LF:1
LH:1
BRF:0
BRH:0
end_of_record
TN:
SF:/Users/erz/code/yahoo/preceptor-core/lib/base.js
FN:17,Base
FN:43,(anonymous_2)
FN:68,(anonymous_3)
FN:79,(anonymous_4)
FN:92,(anonymous_5)
FN:113,(anonymous_6)
FNF:6
FNH:6
FNDA:9,Base
FNDA:3,(anonymous_2)
FNDA:5,(anonymous_3)
FNDA:1,(anonymous_4)
FNDA:5,(anonymous_5)
FNDA:3,(anonymous_6)
DA:4,1
DA:5,1
DA:6,1
DA:8,1
DA:17,1
DA:18,9
DA:20,1
DA:27,1
DA:35,1
DA:43,1
DA:44,3
DA:47,1
DA:56,1
DA:68,1
DA:70,5
DA:72,5
DA:73,1
DA:74,1
DA:75,1
DA:78,5
DA:79,1
DA:80,1
DA:84,5
DA:87,5
DA:90,5
DA:92,5
DA:93,5
DA:95,5
DA:96,5
DA:99,5
DA:101,5
DA:103,5
DA:113,1
DA:114,3
DA:117,1
LF:35
LH:35
BRDA:72,1,0,1
BRDA:72,1,1,4
BRDA:78,2,0,1
BRDA:78,2,1,4
BRF:4
BRH:4
end_of_record
TN:
SF:/Users/erz/code/yahoo/preceptor-core/lib/utils.js
FN:19,(anonymous_1)
FN:20,(anonymous_2)
FN:23,(anonymous_3)
FN:25,(anonymous_4)
FN:45,(anonymous_5)
FN:47,(anonymous_6)
FN:49,(anonymous_7)
FN:92,(anonymous_8)
FN:96,(anonymous_9)
FN:99,(anonymous_10)
FN:102,(anonymous_11)
FN:124,(anonymous_12)
FN:127,(anonymous_13)
FN:147,(anonymous_14)
FN:159,(anonymous_15)
FNF:15
FNH:15
FNDA:17,(anonymous_1)
FNDA:29,(anonymous_2)
FNDA:19,(anonymous_3)
FNDA:44,(anonymous_4)
FNDA:37,(anonymous_5)
FNDA:48,(anonymous_6)
FNDA:77,(anonymous_7)
FNDA:17,(anonymous_8)
FNDA:1,(anonymous_9)
FNDA:24,(anonymous_10)
FNDA:17,(anonymous_11)
FNDA:5,(anonymous_12)
FNDA:6,(anonymous_13)
FNDA:1,(anonymous_14)
FNDA:3,(anonymous_15)
DA:4,1
DA:19,1
DA:20,17
DA:21,29
DA:23,17
DA:24,19
DA:25,17
DA:26,44
DA:32,17
DA:45,1
DA:46,37
DA:47,37
DA:48,48
DA:49,47
DA:50,77
DA:51,77
DA:52,15
DA:53,5
DA:55,10
DA:56,10
DA:57,21
DA:58,1
DA:59,20
DA:60,1
DA:62,19
DA:66,62
DA:67,1
DA:68,61
DA:69,11
DA:71,50
DA:76,37
DA:92,1
DA:94,17
DA:96,11
DA:99,11
DA:100,24
DA:102,24
DA:103,17
DA:105,24
DA:106,24
DA:108,24
DA:112,6
DA:124,1
DA:125,5
DA:127,5
DA:128,6
DA:129,1
DA:130,5
DA:131,3
DA:133,2
DA:137,5
DA:147,1
DA:148,1
DA:159,1
DA:160,3
DA:161,3
DA:163,2
DA:164,1
DA:166,1
DA:170,1
LF:60
LH:60
BRDA:20,1,0,17
BRDA:20,1,1,6
BRDA:24,2,0,17
BRDA:24,2,1,2
BRDA:46,3,0,37
BRDA:46,3,1,35
BRDA:48,4,0,47
BRDA:48,4,1,1
BRDA:51,5,0,15
BRDA:51,5,1,62
BRDA:51,6,0,77
BRDA:51,6,1,71
BRDA:51,6,2,65
BRDA:52,7,0,5
BRDA:52,7,1,10
BRDA:53,8,0,5
BRDA:53,8,1,2
BRDA:55,9,0,10
BRDA:55,9,1,7
BRDA:57,10,0,1
BRDA:57,10,1,20
BRDA:59,11,0,1
BRDA:59,11,1,19
BRDA:66,12,0,1
BRDA:66,12,1,61
BRDA:68,13,0,11
BRDA:68,13,1,50
BRDA:68,14,0,61
BRDA:68,14,1,56
BRDA:68,14,2,54
BRDA:69,15,0,11
BRDA:69,15,1,6
BRDA:94,16,0,11
BRDA:94,16,1,6
BRDA:94,17,0,17
BRDA:94,17,1,11
BRDA:94,17,2,8
BRDA:96,18,0,11
BRDA:96,18,1,3
BRDA:128,19,0,1
BRDA:128,19,1,5
BRDA:128,20,0,6
BRDA:128,20,1,3
BRDA:130,21,0,3
BRDA:130,21,1,2
BRDA:130,22,0,5
BRDA:130,22,1,3
BRDA:163,23,0,1
BRDA:163,23,1,1
BRF:49
BRH:49
end_of_record
TN:
SF:/Users/erz/code/yahoo/preceptor-core/lib/log.js
FN:23,(anonymous_1)
FN:27,(anonymous_2)
FN:30,(anonymous_3)
FN:82,(anonymous_4)
FN:92,(anonymous_5)
FN:104,(anonymous_6)
FN:115,(anonymous_7)
FN:124,(anonymous_8)
FN:128,(anonymous_9)
FNF:9
FNH:9
FNDA:2,(anonymous_1)
FNDA:5,(anonymous_2)
FNDA:2,(anonymous_3)
FNDA:2,(anonymous_4)
FNDA:1,(anonymous_5)
FNDA:1,(anonymous_6)
FNDA:2,(anonymous_7)
FNDA:1,(anonymous_8)
FNDA:1,(anonymous_9)
DA:4,1
DA:5,1
DA:6,1
DA:8,1
DA:10,1
DA:11,1
DA:13,1
DA:23,1
DA:25,2
DA:27,1
DA:28,5
DA:30,5
DA:31,2
DA:33,2
DA:34,4
DA:35,1
DA:39,2
DA:40,1
DA:44,1
DA:49,1
DA:52,2
DA:74,1
DA:83,2
DA:93,1
DA:94,1
DA:105,1
DA:116,2
DA:125,1
DA:128,1
DA:129,1
DA:131,1
DA:135,1
LF:32
LH:32
BRDA:25,1,0,1
BRDA:25,1,1,1
BRDA:34,2,0,1
BRDA:34,2,1,3
BRDA:39,3,0,1
BRDA:39,3,1,1
BRF:6
BRH:6
end_of_record
TN:
SF:/Users/erz/code/yahoo/preceptor-core/examples/pets.js
FN:19,(anonymous_1)
FN:44,(anonymous_2)
FN:54,(anonymous_3)
FN:91,(anonymous_4)
FN:103,(anonymous_5)
FN:126,(anonymous_6)
FN:138,(anonymous_7)
FNF:7
FNH:7
FNDA:6,(anonymous_1)
FNDA:2,(anonymous_2)
FNDA:4,(anonymous_3)
FNDA:3,(anonymous_4)
FNDA:1,(anonymous_5)
FNDA:3,(anonymous_6)
FNDA:1,(anonymous_7)
DA:4,1
DA:12,1
DA:22,6
DA:25,6
DA:26,6
DA:29,6
DA:45,2
DA:46,2
DA:55,4
DA:85,1
DA:92,3
DA:104,1
DA:120,1
DA:127,3
DA:139,1
DA:151,1
LF:16
LH:16
BRF:0
BRH:0
end_of_record
